2021-01-02 07:42:18.428  INFO 5408 --- [XNIO-1 task-10] l.server.player.AudioLoaderRestHandler   : Got request to load for identifier "ytsearch:bohot sahi"
2021-01-02 07:42:19.444  INFO 5408 --- [lava-daemon-pool-info-loader-2-thread-1] lavalink.server.player.AudioLoader       : Loaded playlist Search results for: bohot sahi
2021-01-02 07:42:20.178  INFO 5408 --- [XNIO-1 I/O-1] lavalink.server.io.SocketServer          : {"op":"voiceUpdate","guildId":"522661195124310017","sessionId":"a290c9048039a6a3cbd11fccbbbc04e0","event":{"token":"4ae9e05061480f40","guild_id":"522661195124310017","endpoint":"india5112.discord.media:443"}}
2021-01-02 07:42:20.287  INFO 5408 --- [XNIO-1 I/O-1] lavalink.server.io.SocketServer          : {"op":"play","guildId":"522661195124310017","track":"QAAAiQIAJkJPSE9UIFNBSEkgfCBKIFRSSVggeCBLUiROQSB4IFNVQlNQQUNFAAlLYWxhbWthYXIAAAAAAALK2AALbjg5VWxHdldiSHMAAQAraHR0cHM6Ly93d3cueW91dHViZS5jb20vd2F0Y2g/dj1uODlVbEd2V2JIcwAHeW91dHViZQAAAAAAAAAA","noReplace":true}
2021-01-02 07:42:56.118  INFO 5408 --- [XNIO-1 task-12] l.server.player.AudioLoaderRestHandler   : Got request to load for identifier "ytsearch:JAHANNUM"
2021-01-02 07:42:56.743  INFO 5408 --- [lava-daemon-pool-info-loader-2-thread-1] lavalink.server.player.AudioLoader       : Loaded playlist Search results for: JAHANNUM
2021-01-02 07:45:24.281  INFO 5408 --- [XNIO-1 I/O-1] lavalink.server.io.SocketServer          : {"op":"play","guildId":"522661195124310017","track":"QAAAnQIAOUpBSEFOTlVNIHwgUkFHQSB8IFlBV0FSIHwgTFlSSUNBTCBWSURFTyB8IEVYUExJQ0lUIHwgMjAyMAAKQVJUSVNUVEFBTgAAAAAAAbWAAAs2M0o1b2VfTWE3awABACtodHRwczovL3d3dy55b3V0dWJlLmNvbS93YXRjaD92PTYzSjVvZV9NYTdrAAd5b3V0dWJlAAAAAAAAAAA=","noReplace":true}
2021-01-02 07:47:16.848  INFO 5408 --- [XNIO-1 I/O-1] lavalink.server.io.SocketServer          : {"op":"destroy","guildId":"522661195124310017"}
2021-01-02 07:56:17.404  INFO 5408 --- [XNIO-1 task-14] l.server.player.AudioLoaderRestHandler   : Got request to load for identifier "https://youtu.be/Sc1gwRnSVzY"
2021-01-02 07:56:17.888  INFO 5408 --- [lava-daemon-pool-info-loader-2-thread-1] lavalink.server.player.AudioLoader       : Loaded track Fullmetal Alchemist: Brotherhood - "Golden Time Lover" | ENGLISH Ver | AmaLee
2021-01-02 07:56:18.466  INFO 5408 --- [XNIO-1 I/O-1] lavalink.server.io.SocketServer          : {"op":"voiceUpdate","guildId":"522661195124310017","sessionId":"a290c9048039a6a3cbd11fccbbbc04e0","event":{"token":"0001340d50bc9104","guild_id":"522661195124310017","endpoint":"india5112.discord.media:443"}}
2021-01-02 07:56:18.497  INFO 5408 --- [XNIO-1 I/O-1] lavalink.server.io.SocketServer          : {"op":"play","guildId":"522661195124310017","track":"QAAAsAIATUZ1bGxtZXRhbCBBbGNoZW1pc3Q6IEJyb3RoZXJob29kIC0gIkdvbGRlbiBUaW1lIExvdmVyIiB8IEVOR0xJU0ggVmVyIHwgQW1hTGVlAAlMZWVhbmRMaWUAAAAAAAWN4AALU2MxZ3dSblNWelkAAQAraHR0cHM6Ly93d3cueW91dHViZS5jb20vd2F0Y2g/dj1TYzFnd1JuU1Z6WQAHeW91dHViZQAAAAAAAAAA","noReplace":true}
2021-01-02 08:02:23.156  INFO 5408 --- [XNIO-1 I/O-1] lavalink.server.io.SocketServer          : {"op":"destroy","guildId":"522661195124310017"}
2021-01-02 08:03:26.315  INFO 5408 --- [XNIO-1 task-16] l.server.player.AudioLoaderRestHandler   : Got request to load for identifier "ytsearch:op intro 23"
2021-01-02 08:03:26.799  INFO 5408 --- [lava-daemon-pool-info-loader-2-thread-1] lavalink.server.player.AudioLoader       : Loaded playlist Search results for: op intro 23
2021-01-02 08:03:27.377  INFO 5408 --- [XNIO-1 I/O-1] lavalink.server.io.SocketServer          : {"op":"voiceUpdate","guildId":"522661195124310017","sessionId":"a290c9048039a6a3cbd11fccbbbc04e0","event":{"token":"e2ee0d913357c815","guild_id":"522661195124310017","endpoint":"india5112.discord.media:443"}}
2021-01-02 08:03:27.409  INFO 5408 --- [XNIO-1 I/O-1] lavalink.server.io.SocketServer          : {"op":"play","guildId":"522661195124310017","track":"QAAAhQIAJE9uZSBQaWVjZSAtIE9wZW5pbmcgMjMgfCBEUkVBTUlOJyBPTgAHQW5pbWVVUwAAAAAAAiqwAAs5R095dExzbnByawABACtodHRwczovL3d3dy55b3V0dWJlLmNvbS93YXRjaD92PTlHT3l0THNucHJrAAd5b3V0dWJlAAAAAAAAAAA=","noReplace":true}
2021-01-02 08:03:41.113  INFO 5408 --- [XNIO-1 task-2] l.server.player.AudioLoaderRestHandler   : Got request to load for identifier "ytsearch:naruto outro 28"
2021-01-02 08:03:41.676  INFO 5408 --- [lava-daemon-pool-info-loader-2-thread-1] lavalink.server.player.AudioLoader       : Loaded playlist Search results for: naruto outro 28
2021-01-02 08:05:49.051  INFO 5408 --- [XNIO-1 I/O-1] lavalink.server.io.SocketServer          : {"op":"play","guildId":"522661195124310017","track":"QAAArgIATU5hcnV0byBTaGlwcHVkZW4gRW5kaW5nIDI4IEZ1bGwg44COU2hpbmt1IEhvcm91IC0gTmlqaeOAjyDjg4rjg6vjg4gg55a+6aKo5LydAAdHcmVnb3J5AAAAAAAD87gACzNac1pSMHpVcnpFAAEAK2h0dHBzOi8vd3d3LnlvdXR1YmUuY29tL3dhdGNoP3Y9M1pzWlIwelVyekUAB3lvdXR1YmUAAAAAAAAAAA==","noReplace":true}
2021-01-02 08:06:08.223  INFO 5408 --- [XNIO-1 task-4] l.server.player.AudioLoaderRestHandler   : Got request to load for identifier "ytsearch:gohan anger music"
2021-01-02 08:06:08.723  INFO 5408 --- [lava-daemon-pool-info-loader-2-thread-1] lavalink.server.player.AudioLoader       : Loaded playlist Search results for: gohan anger music
2021-01-02 08:10:07.562  INFO 5408 --- [XNIO-1 I/O-1] lavalink.server.io.SocketServer          : {"op":"play","guildId":"522661195124310017","track":"QAAApwIANURyYWdvbiBCYWxsIFogLSBHb2hhbidzIEFuZ2VyIFRoZW1lIHwgRXBpYyBSb2NrIENvdmVyABhGcmllZHJpY2ggSGFiZXRsZXIgTXVzaWMAAAAAAAPA8AALLTdFWmRPTFdOMTgAAQAraHR0cHM6Ly93d3cueW91dHViZS5jb20vd2F0Y2g/dj0tN0VaZE9MV04xOAAHeW91dHViZQAAAAAAAAAA","noReplace":true}
2021-01-02 08:14:13.667  INFO 5408 --- [XNIO-1 I/O-1] lavalink.server.io.SocketServer          : {"op":"destroy","guildId":"522661195124310017"}
2021-01-02 08:19:43.261  INFO 5408 --- [XNIO-1 task-6] l.server.player.AudioLoaderRestHandler   : Got request to load for identifier "https://youtu.be/Sc1gwRnSVzY"
2021-01-02 08:19:43.808  INFO 5408 --- [lava-daemon-pool-info-loader-2-thread-1] lavalink.server.player.AudioLoader       : Loaded track Fullmetal Alchemist: Brotherhood - "Golden Time Lover" | ENGLISH Ver | AmaLee
2021-01-02 08:19:45.168  INFO 5408 --- [XNIO-1 I/O-1] lavalink.server.io.SocketServer          : {"op":"voiceUpdate","guildId":"522661195124310017","sessionId":"a290c9048039a6a3cbd11fccbbbc04e0","event":{"token":"a983071af557a1ce","guild_id":"522661195124310017","endpoint":"india5112.discord.media:443"}}
2021-01-02 08:19:45.168  INFO 5408 --- [XNIO-1 I/O-1] lavalink.server.io.SocketServer          : {"op":"play","guildId":"522661195124310017","track":"QAAAsAIATUZ1bGxtZXRhbCBBbGNoZW1pc3Q6IEJyb3RoZXJob29kIC0gIkdvbGRlbiBUaW1lIExvdmVyIiB8IEVOR0xJU0ggVmVyIHwgQW1hTGVlAAlMZWVhbmRMaWUAAAAAAAWN4AALU2MxZ3dSblNWelkAAQAraHR0cHM6Ly93d3cueW91dHViZS5jb20vd2F0Y2g/dj1TYzFnd1JuU1Z6WQAHeW91dHViZQAAAAAAAAAA","noReplace":true}
2021-01-02 08:21:13.733  INFO 5408 --- [XNIO-1 task-8] l.server.player.AudioLoaderRestHandler   : Got request to load for identifier "ytsearch:op intro 23"
2021-01-02 08:21:14.233  INFO 5408 --- [lava-daemon-pool-info-loader-2-thread-1] lavalink.server.player.AudioLoader       : Loaded playlist Search results for: op intro 23
2021-01-02 08:21:19.952  INFO 5408 --- [XNIO-1 task-10] l.server.player.AudioLoaderRestHandler   : Got request to load for identifier "ytsearch:dbs intro 1"
2021-01-02 08:21:20.405  INFO 5408 --- [lava-daemon-pool-info-loader-2-thread-1] lavalink.server.player.AudioLoader       : Loaded playlist Search results for: dbs intro 1
2021-01-02 08:21:28.968  INFO 5408 --- [XNIO-1 task-12] l.server.player.AudioLoaderRestHandler   : Got request to load for identifier "ytsearch:blue bird naruto"
2021-01-02 08:21:29.562  INFO 5408 --- [lava-daemon-pool-info-loader-2-thread-1] lavalink.server.player.AudioLoader       : Loaded playlist Search results for: blue bird naruto
2021-01-02 08:21:36.046  INFO 5408 --- [XNIO-1 task-14] l.server.player.AudioLoaderRestHandler   : Got request to load for identifier "ytsearch:playdate"
2021-01-02 08:21:36.671  INFO 5408 --- [lava-daemon-pool-info-loader-2-thread-1] lavalink.server.player.AudioLoader       : Loaded playlist Search results for: playdate
2021-01-02 08:25:49.263  INFO 5408 --- [XNIO-1 I/O-1] lavalink.server.io.SocketServer          : {"op":"play","guildId":"522661195124310017","track":"QAAAhQIAJE9uZSBQaWVjZSAtIE9wZW5pbmcgMjMgfCBEUkVBTUlOJyBPTgAHQW5pbWVVUwAAAAAAAiqwAAs5R095dExzbnByawABACtodHRwczovL3d3dy55b3V0dWJlLmNvbS93YXRjaD92PTlHT3l0THNucHJrAAd5b3V0dWJlAAAAAAAAAAA=","noReplace":true}
2021-01-02 08:28:11.378  INFO 5408 --- [XNIO-1 I/O-1] lavalink.server.io.SocketServer          : {"op":"play","guildId":"522661195124310017","track":"QAAAmwIAO0RyYWdvbiBCYWxsIFN1cGVyIEphcGFuZXNlIE9wZW5pbmcgMSAoQ2jFjXpldHN14piGRHluYW1pYyEpAAZYU3Rvcm0AAAAAAAFMCAALUzF1dTdOV3Z1NmsAAQAraHR0cHM6Ly93d3cueW91dHViZS5jb20vd2F0Y2g/dj1TMXV1N05XdnU2awAHeW91dHViZQAAAAAAAAAA","noReplace":true}
2021-01-02 08:29:36.678  INFO 5408 --- [XNIO-1 I/O-1] lavalink.server.io.SocketServer          : {"op":"play","guildId":"522661195124310017","track":"QAAAlQIAKUZ1bGwgb3BlbmluZyBuYXJ1dG8gQmx1ZSBCaXJkIEx5cmljcyBGdWxsABJSaXNreSBQcm8gU25pcGVyJ3MAAAAAAANXeAALdUNfU2dNemxyNlUAAQAraHR0cHM6Ly93d3cueW91dHViZS5jb20vd2F0Y2g/dj11Q19TZ016bHI2VQAHeW91dHViZQAAAAAAAAAA","noReplace":true}
2021-01-02 08:32:09.764  INFO 5408 --- [XNIO-1 task-16] l.server.player.AudioLoaderRestHandler   : Got request to load for identifier "ytsearch:naruto sillhoutee"
2021-01-02 08:32:10.389  INFO 5408 --- [lava-daemon-pool-info-loader-2-thread-1] lavalink.server.player.AudioLoader       : Loaded playlist Search results for: naruto sillhoutee
2021-01-02 08:33:15.720  INFO 5408 --- [XNIO-1 I/O-1] lavalink.server.io.SocketServer          : {"op":"play","guildId":"522661195124310017","track":"QAAAiQIAJU1lbGFuaWUgTWFydGluZXogLSBQbGF5IERhdGUgKEx5cmljcykAClRhaiBUcmFja3MAAAAAAAK/IAALeGhhSS1sTGlVRkEAAQAraHR0cHM6Ly93d3cueW91dHViZS5jb20vd2F0Y2g/dj14aGFJLWxMaVVGQQAHeW91dHViZQAAAAAAAAAA","noReplace":true}
2021-01-02 08:36:16.135  INFO 5408 --- [XNIO-1 I/O-1] lavalink.server.io.SocketServer          : {"op":"play","guildId":"522661195124310017","track":"QAAAkgIAK05hcnV0byBTaGlwcHVkZW4gT3BlbmluZyAxNuOAjlNpbGhvdWV0dGXjgI8ADU5hcnV0byBTZW50c3UAAAAAAAFjeAALTEREV2YxdnU5Z0EAAQAraHR0cHM6Ly93d3cueW91dHViZS5jb20vd2F0Y2g/dj1MRERXZjF2dTlnQQAHeW91dHViZQAAAAAAAAAA","noReplace":true}
2021-01-02 08:37:07.842  INFO 5408 --- [XNIO-1 task-2] l.server.player.AudioLoaderRestHandler   : Got request to load for identifier "ytsearch:op intro 1"
2021-01-02 08:37:08.482  INFO 5408 --- [lava-daemon-pool-info-loader-2-thread-1] lavalink.server.player.AudioLoader       : Loaded playlist Search results for: op intro 1
2021-01-02 08:37:47.469  INFO 5408 --- [XNIO-1 I/O-1] lavalink.server.io.SocketServer          : {"op":"play","guildId":"522661195124310017","track":"QAAAngIANU9uZSBQaWVjZSBPcGVuaW5nIDEgSEQgNzIwcCAgIFNwZWNpYWwgRWRpdGlvbiBXZSBBcmUhAA9BbmdlbGluYSBCZXR6dWcAAAAAAAGxmAALSFJhb1l1UktCYUEAAQAraHR0cHM6Ly93d3cueW91dHViZS5jb20vd2F0Y2g/dj1IUmFvWXVSS0JhQQAHeW91dHViZQAAAAAAAAAA","noReplace":true}
2021-01-02 08:38:24.657  INFO 5408 --- [XNIO-1 I/O-1] lavalink.server.io.SocketServer          : {"op":"stop","guildId":"522661195124310017"}
2021-01-02 08:38:24.673  INFO 5408 --- [XNIO-1 I/O-1] lavalink.server.io.SocketServer          : {"op":"destroy","guildId":"522661195124310017"}
2021-01-02 08:38:45.472  INFO 5408 --- [XNIO-1 task-4] l.server.player.AudioLoaderRestHandler   : Got request to load for identifier "ytsearch:love me like you do"
2021-01-02 08:38:46.206  INFO 5408 --- [lava-daemon-pool-info-loader-2-thread-1] lavalink.server.player.AudioLoader       : Loaded playlist Search results for: love me like you do
2021-01-02 08:38:46.769  INFO 5408 --- [XNIO-1 I/O-1] lavalink.server.io.SocketServer          : {"op":"voiceUpdate","guildId":"522661195124310017","sessionId":"a290c9048039a6a3cbd11fccbbbc04e0","event":{"token":"c9e8ea30aede16ae","guild_id":"522661195124310017","endpoint":"india5112.discord.media:443"}}
2021-01-02 08:38:46.769  INFO 5408 --- [XNIO-1 I/O-1] lavalink.server.io.SocketServer          : {"op":"play","guildId":"522661195124310017","track":"QAAAnAIANUVsbGllIEdvdWxkaW5nIC0gTG92ZSBNZSBMaWtlIFlvdSBEbyAoT2ZmaWNpYWwgVmlkZW8pAA1lbGxpZWdvdWxkaW5nAAAAAAAD0JAAC0FKdERYSWF6ck1vAAEAK2h0dHBzOi8vd3d3LnlvdXR1YmUuY29tL3dhdGNoP3Y9QUp0RFhJYXpyTW8AB3lvdXR1YmUAAAAAAAAAAA==","noReplace":true}
2021-01-02 08:40:22.600  INFO 5408 --- [XNIO-1 task-6] l.server.player.AudioLoaderRestHandler   : Got request to load for identifier "ytsearch:blue bird"
2021-01-02 08:40:23.163  INFO 5408 --- [lava-daemon-pool-info-loader-2-thread-1] lavalink.server.player.AudioLoader       : Loaded playlist Search results for: blue bird
2021-01-02 08:40:23.850  INFO 5408 --- [XNIO-1 I/O-1] lavalink.server.io.SocketServer          : {"op":"voiceUpdate","guildId":"775767511986602025","sessionId":"a290c9048039a6a3cbd11fccbbbc04e0","event":{"token":"e7c3f1694655fda9","guild_id":"775767511986602025","endpoint":"india1345.discord.media:443"}}
2021-01-02 08:40:23.850  INFO 5408 --- [XNIO-1 I/O-1] lavalink.server.io.SocketServer          : {"op":"play","guildId":"775767511986602025","track":"QAAAlQIAKUZ1bGwgb3BlbmluZyBuYXJ1dG8gQmx1ZSBCaXJkIEx5cmljcyBGdWxsABJSaXNreSBQcm8gU25pcGVyJ3MAAAAAAANXeAALdUNfU2dNemxyNlUAAQAraHR0cHM6Ly93d3cueW91dHViZS5jb20vd2F0Y2g/dj11Q19TZ016bHI2VQAHeW91dHViZQAAAAAAAAAA","noReplace":true}
2021-01-02 08:41:25.931  INFO 5408 --- [XNIO-1 task-8] l.server.player.AudioLoaderRestHandler   : Got request to load for identifier "ytsearch:demons"
2021-01-02 08:41:26.978  INFO 5408 --- [lava-daemon-pool-info-loader-2-thread-1] lavalink.server.player.AudioLoader       : Loaded playlist Search results for: demons
2021-01-02 08:42:56.514  INFO 5408 --- [XNIO-1 I/O-1] lavalink.server.io.SocketServer          : {"op":"play","guildId":"522661195124310017","track":"QAAAkQIAKUltYWdpbmUgRHJhZ29ucyAtIERlbW9ucyAoT2ZmaWNpYWwgVmlkZW8pAA5JbWFnaW5lRHJhZ29ucwAAAAAAA53IAAttV1JzZ1p1d2ZfOAABACtodHRwczovL3d3dy55b3V0dWJlLmNvbS93YXRjaD92PW1XUnNnWnV3Zl84AAd5b3V0dWJlAAAAAAAAAAA=","noReplace":true}
2021-01-02 08:44:03.017  INFO 5408 --- [XNIO-1 I/O-1] lavalink.server.io.SocketServer          : {"op":"destroy","guildId":"775767511986602025"}
2021-01-02 08:46:53.182  INFO 5408 --- [XNIO-1 I/O-1] lavalink.server.io.SocketServer          : {"op":"destroy","guildId":"522661195124310017"}
2021-01-02 09:24:36.588  INFO 5408 --- [XNIO-1 I/O-1] lavalink.server.io.SocketServer          : Connection closed from /127.0.0.1:54378 -- CloseStatus[code=1006, reason=]
2021-01-02 09:24:36.604  INFO 5408 --- [XNIO-1 I/O-1] lavalink.server.io.SocketContext         : Shutting down 0 playing players.
2021-01-02 09:24:43.200  INFO 5408 --- [Thread-1] o.s.s.concurrent.ThreadPoolTaskExecutor  : Shutting down ExecutorService 'applicationTaskExecutor'
2021-01-02 09:24:43.278  INFO 5408 --- [Thread-1] c.s.d.l.tools.GarbageCollectionMonitor   : GC monitoring disabled.
2021-01-02 09:24:43.418  INFO 5408 --- [Thread-1] io.undertow.servlet                      : Destroying Spring FrameworkServlet 'dispatcherServlet'
